{"C:\\Users\\gfran\\Desktop\\MasterD\\pruebas-tecnicas-main\\TestLibreria\\script\\scriptMejorado.js": {"path":"C:\\Users\\gfran\\Desktop\\MasterD\\pruebas-tecnicas-main\\TestLibreria\\script\\scriptMejorado.js","statementMap":{"0":{"start":{"line":1,"column":0},"end":{"line":3,"column":3}},"1":{"start":{"line":2,"column":2},"end":{"line":2,"column":19}},"2":{"start":{"line":6,"column":2},"end":{"line":6,"column":17}},"3":{"start":{"line":7,"column":2},"end":{"line":7,"column":25}},"4":{"start":{"line":8,"column":2},"end":{"line":8,"column":22}},"5":{"start":{"line":13,"column":22},"end":{"line":13,"column":61}},"6":{"start":{"line":14,"column":15},"end":{"line":14,"column":28}},"7":{"start":{"line":15,"column":25},"end":{"line":15,"column":71}},"8":{"start":{"line":17,"column":2},"end":{"line":17,"column":53}},"9":{"start":{"line":19,"column":2},"end":{"line":23,"column":5}},"10":{"start":{"line":20,"column":21},"end":{"line":20,"column":58}},"11":{"start":{"line":21,"column":4},"end":{"line":21,"column":49}},"12":{"start":{"line":22,"column":4},"end":{"line":22,"column":72}},"13":{"start":{"line":28,"column":2},"end":{"line":40,"column":3}},"14":{"start":{"line":29,"column":21},"end":{"line":29,"column":60}},"15":{"start":{"line":30,"column":4},"end":{"line":30,"column":75}},"16":{"start":{"line":30,"column":22},"end":{"line":30,"column":75}},"17":{"start":{"line":32,"column":17},"end":{"line":32,"column":38}},"18":{"start":{"line":33,"column":4},"end":{"line":33,"column":35}},"19":{"start":{"line":34,"column":4},"end":{"line":34,"column":33}},"20":{"start":{"line":35,"column":4},"end":{"line":35,"column":37}},"21":{"start":{"line":37,"column":4},"end":{"line":37,"column":35}},"22":{"start":{"line":38,"column":4},"end":{"line":39,"column":48}},"23":{"start":{"line":45,"column":20},"end":{"line":45,"column":60}},"24":{"start":{"line":46,"column":2},"end":{"line":46,"column":27}},"25":{"start":{"line":48,"column":2},"end":{"line":72,"column":5}},"26":{"start":{"line":49,"column":4},"end":{"line":49,"column":27}},"27":{"start":{"line":49,"column":20},"end":{"line":49,"column":27}},"28":{"start":{"line":51,"column":24},"end":{"line":51,"column":53}},"29":{"start":{"line":52,"column":4},"end":{"line":52,"column":38}},"30":{"start":{"line":53,"column":4},"end":{"line":53,"column":46}},"31":{"start":{"line":55,"column":4},"end":{"line":69,"column":14}},"32":{"start":{"line":71,"column":4},"end":{"line":71,"column":39}},"33":{"start":{"line":74,"column":2},"end":{"line":74,"column":30}},"34":{"start":{"line":79,"column":20},"end":{"line":79,"column":58}},"35":{"start":{"line":80,"column":17},"end":{"line":80,"column":69}},"36":{"start":{"line":80,"column":51},"end":{"line":80,"column":66}},"37":{"start":{"line":82,"column":2},"end":{"line":86,"column":5}},"38":{"start":{"line":83,"column":19},"end":{"line":83,"column":51}},"39":{"start":{"line":84,"column":4},"end":{"line":84,"column":31}},"40":{"start":{"line":85,"column":4},"end":{"line":85,"column":34}},"41":{"start":{"line":88,"column":2},"end":{"line":88,"column":77}},"42":{"start":{"line":88,"column":45},"end":{"line":88,"column":75}},"43":{"start":{"line":93,"column":16},"end":{"line":93,"column":50}},"44":{"start":{"line":94,"column":26},"end":{"line":98,"column":3}},"45":{"start":{"line":96,"column":6},"end":{"line":97,"column":24}},"46":{"start":{"line":100,"column":2},"end":{"line":100,"column":57}},"47":{"start":{"line":100,"column":27},"end":{"line":100,"column":54}},"48":{"start":{"line":101,"column":2},"end":{"line":101,"column":67}},"49":{"start":{"line":101,"column":37},"end":{"line":101,"column":64}},"50":{"start":{"line":103,"column":16},"end":{"line":103,"column":38}},"51":{"start":{"line":104,"column":15},"end":{"line":104,"column":60}},"52":{"start":{"line":105,"column":2},"end":{"line":105,"column":62}},"53":{"start":{"line":106,"column":2},"end":{"line":106,"column":60}},"54":{"start":{"line":111,"column":20},"end":{"line":111,"column":60}},"55":{"start":{"line":112,"column":15},"end":{"line":112,"column":46}},"56":{"start":{"line":114,"column":2},"end":{"line":118,"column":5}},"57":{"start":{"line":115,"column":17},"end":{"line":115,"column":46}},"58":{"start":{"line":116,"column":4},"end":{"line":116,"column":22}},"59":{"start":{"line":116,"column":15},"end":{"line":116,"column":22}},"60":{"start":{"line":117,"column":4},"end":{"line":117,"column":41}},"61":{"start":{"line":120,"column":2},"end":{"line":124,"column":5}},"62":{"start":{"line":121,"column":4},"end":{"line":123,"column":5}},"63":{"start":{"line":122,"column":6},"end":{"line":122,"column":65}},"64":{"start":{"line":129,"column":19},"end":{"line":129,"column":51}},"65":{"start":{"line":130,"column":19},"end":{"line":130,"column":51}},"66":{"start":{"line":131,"column":15},"end":{"line":131,"column":32}},"67":{"start":{"line":133,"column":2},"end":{"line":133,"column":20}},"68":{"start":{"line":133,"column":13},"end":{"line":133,"column":20}},"69":{"start":{"line":135,"column":19},"end":{"line":135,"column":47}},"70":{"start":{"line":136,"column":2},"end":{"line":136,"column":31}},"71":{"start":{"line":137,"column":2},"end":{"line":140,"column":4}},"72":{"start":{"line":142,"column":2},"end":{"line":142,"column":29}},"73":{"start":{"line":143,"column":2},"end":{"line":143,"column":39}},"74":{"start":{"line":152,"column":0},"end":{"line":152,"column":33}},"75":{"start":{"line":155,"column":15},"end":{"line":155,"column":36}},"76":{"start":{"line":156,"column":2},"end":{"line":156,"column":20}},"77":{"start":{"line":158,"column":2},"end":{"line":163,"column":5}},"78":{"start":{"line":159,"column":4},"end":{"line":162,"column":5}},"79":{"start":{"line":160,"column":6},"end":{"line":160,"column":40}},"80":{"start":{"line":161,"column":6},"end":{"line":161,"column":36}},"81":{"start":{"line":165,"column":2},"end":{"line":165,"column":31}},"82":{"start":{"line":166,"column":2},"end":{"line":166,"column":36}},"83":{"start":{"line":171,"column":15},"end":{"line":171,"column":46}},"84":{"start":{"line":172,"column":15},"end":{"line":172,"column":62}},"85":{"start":{"line":173,"column":23},"end":{"line":173,"column":63}},"86":{"start":{"line":174,"column":16},"end":{"line":174,"column":27}},"87":{"start":{"line":176,"column":2},"end":{"line":176,"column":22}},"88":{"start":{"line":178,"column":2},"end":{"line":186,"column":5}},"89":{"start":{"line":179,"column":21},"end":{"line":179,"column":49}},"90":{"start":{"line":180,"column":4},"end":{"line":180,"column":33}},"91":{"start":{"line":181,"column":4},"end":{"line":184,"column":6}},"92":{"start":{"line":185,"column":4},"end":{"line":185,"column":31}},"93":{"start":{"line":188,"column":2},"end":{"line":194,"column":3}},"94":{"start":{"line":189,"column":4},"end":{"line":189,"column":39}},"95":{"start":{"line":190,"column":4},"end":{"line":190,"column":42}},"96":{"start":{"line":192,"column":4},"end":{"line":192,"column":42}},"97":{"start":{"line":193,"column":4},"end":{"line":193,"column":43}},"98":{"start":{"line":196,"column":2},"end":{"line":196,"column":30}},"99":{"start":{"line":201,"column":15},"end":{"line":201,"column":46}},"100":{"start":{"line":202,"column":15},"end":{"line":206,"column":5}},"101":{"start":{"line":202,"column":54},"end":{"line":206,"column":3}},"102":{"start":{"line":208,"column":2},"end":{"line":208,"column":54}},"103":{"start":{"line":213,"column":24},"end":{"line":213,"column":71}},"104":{"start":{"line":215,"column":2},"end":{"line":220,"column":5}},"105":{"start":{"line":216,"column":4},"end":{"line":219,"column":5}},"106":{"start":{"line":216,"column":37},"end":{"line":216,"column":68}},"107":{"start":{"line":217,"column":6},"end":{"line":217,"column":37}},"108":{"start":{"line":218,"column":6},"end":{"line":218,"column":37}},"109":{"start":{"line":225,"column":16},"end":{"line":225,"column":38}},"110":{"start":{"line":227,"column":2},"end":{"line":229,"column":54}},"111":{"start":{"line":230,"column":2},"end":{"line":232,"column":24}}},"fnMap":{"0":{"name":"(anonymous_0)","decl":{"start":{"line":1,"column":46},"end":{"line":1,"column":47}},"loc":{"start":{"line":1,"column":52},"end":{"line":3,"column":1}},"line":1},"1":{"name":"inicializarApp","decl":{"start":{"line":5,"column":9},"end":{"line":5,"column":23}},"loc":{"start":{"line":5,"column":26},"end":{"line":9,"column":1}},"line":5},"2":{"name":"configurarModoOscuro","decl":{"start":{"line":12,"column":9},"end":{"line":12,"column":29}},"loc":{"start":{"line":12,"column":32},"end":{"line":24,"column":1}},"line":12},"3":{"name":"(anonymous_3)","decl":{"start":{"line":19,"column":40},"end":{"line":19,"column":41}},"loc":{"start":{"line":19,"column":46},"end":{"line":23,"column":3}},"line":19},"4":{"name":"cargarLibros","decl":{"start":{"line":27,"column":15},"end":{"line":27,"column":27}},"loc":{"start":{"line":27,"column":30},"end":{"line":41,"column":1}},"line":27},"5":{"name":"renderizarLibros","decl":{"start":{"line":44,"column":9},"end":{"line":44,"column":25}},"loc":{"start":{"line":44,"column":35},"end":{"line":75,"column":1}},"line":44},"6":{"name":"(anonymous_6)","decl":{"start":{"line":48,"column":18},"end":{"line":48,"column":19}},"loc":{"start":{"line":48,"column":28},"end":{"line":72,"column":3}},"line":48},"7":{"name":"generarFiltros","decl":{"start":{"line":78,"column":9},"end":{"line":78,"column":23}},"loc":{"start":{"line":78,"column":33},"end":{"line":89,"column":1}},"line":78},"8":{"name":"(anonymous_8)","decl":{"start":{"line":80,"column":41},"end":{"line":80,"column":42}},"loc":{"start":{"line":80,"column":51},"end":{"line":80,"column":66}},"line":80},"9":{"name":"(anonymous_9)","decl":{"start":{"line":82,"column":17},"end":{"line":82,"column":18}},"loc":{"start":{"line":82,"column":28},"end":{"line":86,"column":3}},"line":82},"10":{"name":"(anonymous_10)","decl":{"start":{"line":88,"column":39},"end":{"line":88,"column":40}},"loc":{"start":{"line":88,"column":45},"end":{"line":88,"column":75}},"line":88},"11":{"name":"filtrarLibros","decl":{"start":{"line":92,"column":9},"end":{"line":92,"column":22}},"loc":{"start":{"line":92,"column":30},"end":{"line":107,"column":1}},"line":92},"12":{"name":"(anonymous_12)","decl":{"start":{"line":95,"column":4},"end":{"line":95,"column":5}},"loc":{"start":{"line":96,"column":6},"end":{"line":97,"column":24}},"line":96},"13":{"name":"(anonymous_13)","decl":{"start":{"line":100,"column":16},"end":{"line":100,"column":17}},"loc":{"start":{"line":100,"column":27},"end":{"line":100,"column":54}},"line":100},"14":{"name":"(anonymous_14)","decl":{"start":{"line":101,"column":26},"end":{"line":101,"column":27}},"loc":{"start":{"line":101,"column":37},"end":{"line":101,"column":64}},"line":101},"15":{"name":"manejarListaCompra","decl":{"start":{"line":110,"column":9},"end":{"line":110,"column":27}},"loc":{"start":{"line":110,"column":37},"end":{"line":125,"column":1}},"line":110},"16":{"name":"(anonymous_16)","decl":{"start":{"line":114,"column":38},"end":{"line":114,"column":39}},"loc":{"start":{"line":114,"column":49},"end":{"line":118,"column":3}},"line":114},"17":{"name":"(anonymous_17)","decl":{"start":{"line":120,"column":33},"end":{"line":120,"column":34}},"loc":{"start":{"line":120,"column":44},"end":{"line":124,"column":3}},"line":120},"18":{"name":"agregarALaLista","decl":{"start":{"line":128,"column":9},"end":{"line":128,"column":24}},"loc":{"start":{"line":128,"column":46},"end":{"line":150,"column":1}},"line":128},"19":{"name":"eliminarDeLista","decl":{"start":{"line":154,"column":9},"end":{"line":154,"column":24}},"loc":{"start":{"line":154,"column":50},"end":{"line":167,"column":1}},"line":154},"20":{"name":"(anonymous_20)","decl":{"start":{"line":158,"column":45},"end":{"line":158,"column":46}},"loc":{"start":{"line":158,"column":55},"end":{"line":163,"column":3}},"line":158},"21":{"name":"cargarListaCompra","decl":{"start":{"line":170,"column":9},"end":{"line":170,"column":26}},"loc":{"start":{"line":170,"column":29},"end":{"line":197,"column":1}},"line":170},"22":{"name":"(anonymous_22)","decl":{"start":{"line":178,"column":15},"end":{"line":178,"column":16}},"loc":{"start":{"line":178,"column":49},"end":{"line":186,"column":3}},"line":178},"23":{"name":"guardarListaEnLocalStorage","decl":{"start":{"line":200,"column":9},"end":{"line":200,"column":35}},"loc":{"start":{"line":200,"column":38},"end":{"line":209,"column":1}},"line":200},"24":{"name":"(anonymous_24)","decl":{"start":{"line":202,"column":45},"end":{"line":202,"column":46}},"loc":{"start":{"line":202,"column":54},"end":{"line":206,"column":3}},"line":202},"25":{"name":"marcarLibrosSeleccionados","decl":{"start":{"line":212,"column":9},"end":{"line":212,"column":34}},"loc":{"start":{"line":212,"column":37},"end":{"line":221,"column":1}},"line":212},"26":{"name":"(anonymous_26)","decl":{"start":{"line":215,"column":45},"end":{"line":215,"column":46}},"loc":{"start":{"line":215,"column":55},"end":{"line":220,"column":3}},"line":215},"27":{"name":"(anonymous_27)","decl":{"start":{"line":216,"column":27},"end":{"line":216,"column":28}},"loc":{"start":{"line":216,"column":37},"end":{"line":216,"column":68}},"line":216},"28":{"name":"actualizarContador","decl":{"start":{"line":224,"column":9},"end":{"line":224,"column":27}},"loc":{"start":{"line":224,"column":43},"end":{"line":233,"column":1}},"line":224}},"branchMap":{"0":{"loc":{"start":{"line":22,"column":38},"end":{"line":22,"column":70}},"type":"cond-expr","locations":[{"start":{"line":22,"column":49},"end":{"line":22,"column":57}},{"start":{"line":22,"column":60},"end":{"line":22,"column":70}}],"line":22},"1":{"loc":{"start":{"line":30,"column":4},"end":{"line":30,"column":75}},"type":"if","locations":[{"start":{"line":30,"column":4},"end":{"line":30,"column":75}},{"start":{},"end":{}}],"line":30},"2":{"loc":{"start":{"line":49,"column":4},"end":{"line":49,"column":27}},"type":"if","locations":[{"start":{"line":49,"column":4},"end":{"line":49,"column":27}},{"start":{},"end":{}}],"line":49},"3":{"loc":{"start":{"line":57,"column":33},"end":{"line":57,"column":57}},"type":"binary-expr","locations":[{"start":{"line":57,"column":33},"end":{"line":57,"column":48}},{"start":{"line":57,"column":52},"end":{"line":57,"column":57}}],"line":57},"4":{"loc":{"start":{"line":58,"column":34},"end":{"line":58,"column":61}},"type":"binary-expr","locations":[{"start":{"line":58,"column":34},"end":{"line":58,"column":54}},{"start":{"line":58,"column":58},"end":{"line":58,"column":61}}],"line":58},"5":{"loc":{"start":{"line":59,"column":6},"end":{"line":59,"column":33}},"type":"binary-expr","locations":[{"start":{"line":59,"column":6},"end":{"line":59,"column":26}},{"start":{"line":59,"column":30},"end":{"line":59,"column":33}}],"line":59},"6":{"loc":{"start":{"line":63,"column":26},"end":{"line":63,"column":50}},"type":"binary-expr","locations":[{"start":{"line":63,"column":26},"end":{"line":63,"column":41}},{"start":{"line":63,"column":45},"end":{"line":63,"column":50}}],"line":63},"7":{"loc":{"start":{"line":64,"column":40},"end":{"line":64,"column":64}},"type":"binary-expr","locations":[{"start":{"line":64,"column":40},"end":{"line":64,"column":55}},{"start":{"line":64,"column":59},"end":{"line":64,"column":64}}],"line":64},"8":{"loc":{"start":{"line":65,"column":27},"end":{"line":65,"column":54}},"type":"binary-expr","locations":[{"start":{"line":65,"column":27},"end":{"line":65,"column":45}},{"start":{"line":65,"column":49},"end":{"line":65,"column":54}}],"line":65},"9":{"loc":{"start":{"line":66,"column":26},"end":{"line":66,"column":49}},"type":"binary-expr","locations":[{"start":{"line":66,"column":26},"end":{"line":66,"column":40}},{"start":{"line":66,"column":44},"end":{"line":66,"column":49}}],"line":66},"10":{"loc":{"start":{"line":67,"column":25},"end":{"line":67,"column":48}},"type":"binary-expr","locations":[{"start":{"line":67,"column":25},"end":{"line":67,"column":39}},{"start":{"line":67,"column":43},"end":{"line":67,"column":48}}],"line":67},"11":{"loc":{"start":{"line":68,"column":27},"end":{"line":68,"column":58}},"type":"binary-expr","locations":[{"start":{"line":68,"column":27},"end":{"line":68,"column":49}},{"start":{"line":68,"column":53},"end":{"line":68,"column":58}}],"line":68},"12":{"loc":{"start":{"line":96,"column":6},"end":{"line":97,"column":24}},"type":"binary-expr","locations":[{"start":{"line":96,"column":6},"end":{"line":96,"column":63}},{"start":{"line":97,"column":6},"end":{"line":97,"column":24}}],"line":96},"13":{"loc":{"start":{"line":106,"column":23},"end":{"line":106,"column":59}},"type":"cond-expr","locations":[{"start":{"line":106,"column":44},"end":{"line":106,"column":50}},{"start":{"line":106,"column":53},"end":{"line":106,"column":59}}],"line":106},"14":{"loc":{"start":{"line":116,"column":4},"end":{"line":116,"column":22}},"type":"if","locations":[{"start":{"line":116,"column":4},"end":{"line":116,"column":22}},{"start":{},"end":{}}],"line":116},"15":{"loc":{"start":{"line":121,"column":4},"end":{"line":123,"column":5}},"type":"if","locations":[{"start":{"line":121,"column":4},"end":{"line":123,"column":5}},{"start":{},"end":{}}],"line":121},"16":{"loc":{"start":{"line":133,"column":2},"end":{"line":133,"column":20}},"type":"if","locations":[{"start":{"line":133,"column":2},"end":{"line":133,"column":20}},{"start":{},"end":{}}],"line":133},"17":{"loc":{"start":{"line":159,"column":4},"end":{"line":162,"column":5}},"type":"if","locations":[{"start":{"line":159,"column":4},"end":{"line":162,"column":5}},{"start":{},"end":{}}],"line":159},"18":{"loc":{"start":{"line":172,"column":15},"end":{"line":172,"column":62}},"type":"binary-expr","locations":[{"start":{"line":172,"column":15},"end":{"line":172,"column":56}},{"start":{"line":172,"column":60},"end":{"line":172,"column":62}}],"line":172},"19":{"loc":{"start":{"line":188,"column":2},"end":{"line":194,"column":3}},"type":"if","locations":[{"start":{"line":188,"column":2},"end":{"line":194,"column":3}},{"start":{"line":191,"column":9},"end":{"line":194,"column":3}}],"line":188},"20":{"loc":{"start":{"line":213,"column":24},"end":{"line":213,"column":71}},"type":"binary-expr","locations":[{"start":{"line":213,"column":24},"end":{"line":213,"column":65}},{"start":{"line":213,"column":69},"end":{"line":213,"column":71}}],"line":213},"21":{"loc":{"start":{"line":216,"column":4},"end":{"line":219,"column":5}},"type":"if","locations":[{"start":{"line":216,"column":4},"end":{"line":219,"column":5}},{"start":{},"end":{}}],"line":216}},"s":{"0":1,"1":0,"2":0,"3":0,"4":0,"5":0,"6":0,"7":0,"8":0,"9":0,"10":0,"11":0,"12":0,"13":0,"14":0,"15":0,"16":0,"17":0,"18":0,"19":0,"20":0,"21":0,"22":0,"23":0,"24":0,"25":0,"26":0,"27":0,"28":0,"29":0,"30":0,"31":0,"32":0,"33":0,"34":0,"35":0,"36":0,"37":0,"38":0,"39":0,"40":0,"41":0,"42":0,"43":0,"44":0,"45":0,"46":0,"47":0,"48":0,"49":0,"50":0,"51":0,"52":0,"53":0,"54":0,"55":0,"56":0,"57":0,"58":0,"59":0,"60":0,"61":0,"62":0,"63":0,"64":1,"65":1,"66":1,"67":1,"68":0,"69":1,"70":1,"71":1,"72":1,"73":1,"74":1,"75":0,"76":0,"77":0,"78":0,"79":0,"80":0,"81":0,"82":0,"83":0,"84":0,"85":0,"86":0,"87":0,"88":0,"89":0,"90":0,"91":0,"92":0,"93":0,"94":0,"95":0,"96":0,"97":0,"98":0,"99":0,"100":0,"101":0,"102":0,"103":0,"104":0,"105":0,"106":0,"107":0,"108":0,"109":0,"110":0,"111":0},"f":{"0":0,"1":0,"2":0,"3":0,"4":0,"5":0,"6":0,"7":0,"8":0,"9":0,"10":0,"11":0,"12":0,"13":0,"14":0,"15":0,"16":0,"17":0,"18":1,"19":0,"20":0,"21":0,"22":0,"23":0,"24":0,"25":0,"26":0,"27":0,"28":0},"b":{"0":[0,0],"1":[0,0],"2":[0,0],"3":[0,0],"4":[0,0],"5":[0,0],"6":[0,0],"7":[0,0],"8":[0,0],"9":[0,0],"10":[0,0],"11":[0,0],"12":[0,0],"13":[0,0],"14":[0,0],"15":[0,0],"16":[0,1],"17":[0,0],"18":[0,0],"19":[0,0],"20":[0,0],"21":[0,0]},"_coverageSchema":"1a1c01bbd47fc00a2c39e90264f33305004495a9","hash":"7432e4f2a37e70ba647ebc8a01f8420257f3e2ce"}
}
