TN:
SF:script\scriptMejorado.js
FN:1,(anonymous_0)
FN:5,inicializarApp
FN:12,configurarModoOscuro
FN:19,(anonymous_3)
FN:27,cargarLibros
FN:44,renderizarLibros
FN:48,(anonymous_6)
FN:78,generarFiltros
FN:80,(anonymous_8)
FN:82,(anonymous_9)
FN:88,(anonymous_10)
FN:92,filtrarLibros
FN:95,(anonymous_12)
FN:100,(anonymous_13)
FN:101,(anonymous_14)
FN:110,manejarListaCompra
FN:114,(anonymous_16)
FN:120,(anonymous_17)
FN:128,agregarALaLista
FN:154,eliminarDeLista
FN:158,(anonymous_20)
FN:170,cargarListaCompra
FN:178,(anonymous_22)
FN:200,guardarListaEnLocalStorage
FN:202,(anonymous_24)
FN:212,marcarLibrosSeleccionados
FN:215,(anonymous_26)
FN:216,(anonymous_27)
FN:224,actualizarContador
FNF:29
FNH:1
FNDA:0,(anonymous_0)
FNDA:0,inicializarApp
FNDA:0,configurarModoOscuro
FNDA:0,(anonymous_3)
FNDA:0,cargarLibros
FNDA:0,renderizarLibros
FNDA:0,(anonymous_6)
FNDA:0,generarFiltros
FNDA:0,(anonymous_8)
FNDA:0,(anonymous_9)
FNDA:0,(anonymous_10)
FNDA:0,filtrarLibros
FNDA:0,(anonymous_12)
FNDA:0,(anonymous_13)
FNDA:0,(anonymous_14)
FNDA:0,manejarListaCompra
FNDA:0,(anonymous_16)
FNDA:0,(anonymous_17)
FNDA:1,agregarALaLista
FNDA:0,eliminarDeLista
FNDA:0,(anonymous_20)
FNDA:0,cargarListaCompra
FNDA:0,(anonymous_22)
FNDA:0,guardarListaEnLocalStorage
FNDA:0,(anonymous_24)
FNDA:0,marcarLibrosSeleccionados
FNDA:0,(anonymous_26)
FNDA:0,(anonymous_27)
FNDA:0,actualizarContador
DA:1,1
DA:2,0
DA:6,0
DA:7,0
DA:8,0
DA:13,0
DA:14,0
DA:15,0
DA:17,0
DA:19,0
DA:20,0
DA:21,0
DA:22,0
DA:28,0
DA:29,0
DA:30,0
DA:32,0
DA:33,0
DA:34,0
DA:35,0
DA:37,0
DA:38,0
DA:45,0
DA:46,0
DA:48,0
DA:49,0
DA:51,0
DA:52,0
DA:53,0
DA:55,0
DA:71,0
DA:74,0
DA:79,0
DA:80,0
DA:82,0
DA:83,0
DA:84,0
DA:85,0
DA:88,0
DA:93,0
DA:94,0
DA:96,0
DA:100,0
DA:101,0
DA:103,0
DA:104,0
DA:105,0
DA:106,0
DA:111,0
DA:112,0
DA:114,0
DA:115,0
DA:116,0
DA:117,0
DA:120,0
DA:121,0
DA:122,0
DA:129,1
DA:130,1
DA:131,1
DA:133,1
DA:135,1
DA:136,1
DA:137,1
DA:142,1
DA:143,1
DA:152,1
DA:155,0
DA:156,0
DA:158,0
DA:159,0
DA:160,0
DA:161,0
DA:165,0
DA:166,0
DA:171,0
DA:172,0
DA:173,0
DA:174,0
DA:176,0
DA:178,0
DA:179,0
DA:180,0
DA:181,0
DA:185,0
DA:188,0
DA:189,0
DA:190,0
DA:192,0
DA:193,0
DA:196,0
DA:201,0
DA:202,0
DA:208,0
DA:213,0
DA:215,0
DA:216,0
DA:217,0
DA:218,0
DA:225,0
DA:227,0
DA:230,0
LF:102
LH:11
BRDA:22,0,0,0
BRDA:22,0,1,0
BRDA:30,1,0,0
BRDA:30,1,1,0
BRDA:49,2,0,0
BRDA:49,2,1,0
BRDA:57,3,0,0
BRDA:57,3,1,0
BRDA:58,4,0,0
BRDA:58,4,1,0
BRDA:59,5,0,0
BRDA:59,5,1,0
BRDA:63,6,0,0
BRDA:63,6,1,0
BRDA:64,7,0,0
BRDA:64,7,1,0
BRDA:65,8,0,0
BRDA:65,8,1,0
BRDA:66,9,0,0
BRDA:66,9,1,0
BRDA:67,10,0,0
BRDA:67,10,1,0
BRDA:68,11,0,0
BRDA:68,11,1,0
BRDA:96,12,0,0
BRDA:96,12,1,0
BRDA:106,13,0,0
BRDA:106,13,1,0
BRDA:116,14,0,0
BRDA:116,14,1,0
BRDA:121,15,0,0
BRDA:121,15,1,0
BRDA:133,16,0,0
BRDA:133,16,1,1
BRDA:159,17,0,0
BRDA:159,17,1,0
BRDA:172,18,0,0
BRDA:172,18,1,0
BRDA:188,19,0,0
BRDA:188,19,1,0
BRDA:213,20,0,0
BRDA:213,20,1,0
BRDA:216,21,0,0
BRDA:216,21,1,0
BRF:44
BRH:1
end_of_record
